<?xml version="1.0" encoding="UTF-8"?>
<!-- Generated by org.testng.reporters.JUnitReportReporter -->
<testsuite hostname="TR00491W" failures="0" tests="1" name="helloworld_can.TestHelloWorld" time="0.005" errors="0" timestamp="2021-06-18T17:35:07 TRT" skipped="0">
  <testcase classname="helloworld_can.TestHelloWorld" name="testHelloWorld" time="0.005"/>
  <system-out/>
</testsuite> <!-- helloworld_can.TestHelloWorld -->
